[    0.000000] Linux version 4.15.0-212-generic (buildd@lcy02-amd64-083) (gcc version 7.5.0 (Ubuntu 7.5.0-3ubuntu1~18.04)) #223-Ubuntu SMP Tue May 23 13:09:22 UTC 2023 (Ubuntu 4.15.0-212.223-generic 4.15.18)
[    0.000000] Command line: BOOT_IMAGE=/boot/vmlinuz-4.15.0-212-generic root=LABEL=cloudimg-rootfs ro console=tty1 console=ttyS0
[    0.000000] KERNEL supported cpus:
[    0.000000]   Intel GenuineIntel
[    0.000000]   AMD AuthenticAMD
[    0.000000]   Centaur CentaurHauls
[    0.000000] [Firmware Bug]: TSC doesn't count with P0 frequency!
[    0.000000] x86/fpu: x87 FPU will use FXSAVE
[    0.000000] e820: BIOS-provided physical RAM map:
[    0.000000] BIOS-e820: [mem 0x0000000000000000-0x000000000009fbff] usable
[    0.000000] BIOS-e820: [mem 0x000000000009fc00-0x000000000009ffff] reserved
[    0.000000] BIOS-e820: [mem 0x00000000000f0000-0x00000000000fffff] reserved
[    0.000000] BIOS-e820: [mem 0x0000000000100000-0x000000000ffeffff] usable
[    0.000000] BIOS-e820: [mem 0x000000000fff0000-0x000000000fffffff] ACPI data
[    0.000000] BIOS-e820: [mem 0x00000000fec00000-0x00000000fec00fff] reserved
[    0.000000] BIOS-e820: [mem 0x00000000fee00000-0x00000000fee00fff] reserved
[    0.000000] BIOS-e820: [mem 0x00000000fffc0000-0x00000000ffffffff] reserved
[    0.000000] NX (Execute Disable) protection: active
[    0.000000] SMBIOS 2.5 present.
[    0.000000] DMI: innotek GmbH VirtualBox/VirtualBox, BIOS VirtualBox 12/01/2006
[    0.000000] Hypervisor detected: KVM
[    0.000000] e820: last_pfn = 0xfff0 max_arch_pfn = 0x400000000
[    0.000000] MTRR: Disabled
[    0.000000] x86/PAT: MTRRs disabled, skipping PAT initialization too.
[    0.000000] CPU MTRRs all blank - virtualized system.
[    0.000000] x86/PAT: Configuration [0-7]: WB  WT  UC- UC  WB  WT  UC- UC  
[    0.000000] found SMP MP-table at [mem 0x0009fff0-0x0009ffff]
[    0.000000] Scanning 1 areas for low memory corruption
[    0.000000] RAMDISK: [mem 0x0dafa000-0x0ee0bfff]
[    0.000000] ACPI: Early table checksum verification disabled
[    0.000000] ACPI: RSDP 0x00000000000E0000 000024 (v02 VBOX  )
[    0.000000] ACPI: XSDT 0x000000000FFF0030 00003C (v01 VBOX   VBOXXSDT 00000001 ASL  00000061)
[    0.000000] ACPI: FACP 0x000000000FFF00F0 0000F4 (v04 VBOX   VBOXFACP 00000001 ASL  00000061)
[    0.000000] ACPI: DSDT 0x000000000FFF0610 002353 (v02 VBOX   VBOXBIOS 00000002 INTL 20100528)
[    0.000000] ACPI: FACS 0x000000000FFF0200 000040
[    0.000000] ACPI: FACS 0x000000000FFF0200 000040
[    0.000000] ACPI: APIC 0x000000000FFF0240 000054 (v02 VBOX   VBOXAPIC 00000001 ASL  00000061)
[    0.000000] ACPI: SSDT 0x000000000FFF02A0 00036C (v01 VBOX   VBOXCPUT 00000002 INTL 20100528)
[    0.000000] ACPI: Reserving FACP table memory at [mem 0xfff00f0-0xfff01e3]
[    0.000000] ACPI: Reserving DSDT table memory at [mem 0xfff0610-0xfff2962]
[    0.000000] ACPI: Reserving FACS table memory at [mem 0xfff0200-0xfff023f]
[    0.000000] ACPI: Reserving FACS table memory at [mem 0xfff0200-0xfff023f]
[    0.000000] ACPI: Reserving APIC table memory at [mem 0xfff0240-0xfff0293]
[    0.000000] ACPI: Reserving SSDT table memory at [mem 0xfff02a0-0xfff060b]
[    0.000000] No NUMA configuration found
[    0.000000] Faking a node at [mem 0x0000000000000000-0x000000000ffeffff]
[    0.000000] NODE_DATA(0) allocated [mem 0x0ffc5000-0x0ffeffff]
[    0.000000] kvm-clock: cpu 0, msr 0:ff44001, primary cpu clock
[    0.000000] kvm-clock: Using msrs 4b564d01 and 4b564d00
[    0.000000] kvm-clock: using sched offset of 4530771867 cycles
[    0.000000] clocksource: kvm-clock: mask: 0xffffffffffffffff max_cycles: 0x1cd42e4dffb, max_idle_ns: 881590591483 ns
[    0.000000] Zone ranges:
[    0.000000]   DMA      [mem 0x0000000000001000-0x0000000000ffffff]
[    0.000000]   DMA32    [mem 0x0000000001000000-0x000000000ffeffff]
[    0.000000]   Normal   empty
[    0.000000]   Device   empty
[    0.000000] Movable zone start for each node
[    0.000000] Early memory node ranges
[    0.000000]   node   0: [mem 0x0000000000001000-0x000000000009efff]
[    0.000000]   node   0: [mem 0x0000000000100000-0x000000000ffeffff]
[    0.000000] Reserved but unavailable: 104 pages
[    0.000000] Initmem setup node 0 [mem 0x0000000000001000-0x000000000ffeffff]
[    0.000000] ACPI: PM-Timer IO Port: 0x4008
[    0.000000] IOAPIC[0]: apic_id 1, version 32, address 0xfec00000, GSI 0-23
[    0.000000] ACPI: INT_SRC_OVR (bus 0 bus_irq 0 global_irq 2 dfl dfl)
[    0.000000] ACPI: INT_SRC_OVR (bus 0 bus_irq 9 global_irq 9 low level)
[    0.000000] Using ACPI (MADT) for SMP configuration information
[    0.000000] smpboot: Allowing 1 CPUs, 0 hotplug CPUs
[    0.000000] PM: Registered nosave memory: [mem 0x00000000-0x00000fff]
[    0.000000] PM: Registered nosave memory: [mem 0x0009f000-0x0009ffff]
[    0.000000] PM: Registered nosave memory: [mem 0x000a0000-0x000effff]
[    0.000000] PM: Registered nosave memory: [mem 0x000f0000-0x000fffff]
[    0.000000] e820: [mem 0x10000000-0xfebfffff] available for PCI devices
[    0.000000] Booting paravirtualized kernel on KVM
[    0.000000] clocksource: refined-jiffies: mask: 0xffffffff max_cycles: 0xffffffff, max_idle_ns: 7645519600211568 ns
[    0.000000] setup_percpu: NR_CPUS:8192 nr_cpumask_bits:1 nr_cpu_ids:1 nr_node_ids:1
[    0.000000] percpu: Embedded 50 pages/cpu s167936 r8192 d28672 u2097152
[    0.000000] PV qspinlock hash table entries: 256 (order: 0, 4096 bytes)
[    0.000000] Built 1 zonelists, mobility grouping on.  Total pages: 64377
[    0.000000] Policy zone: DMA32
[    0.000000] Kernel command line: BOOT_IMAGE=/boot/vmlinuz-4.15.0-212-generic root=LABEL=cloudimg-rootfs ro console=tty1 console=ttyS0
[    0.000000] Memory: 208700K/261688K available (12300K kernel code, 2477K rwdata, 4324K rodata, 2480K init, 2720K bss, 52988K reserved, 0K cma-reserved)
[    0.000000] SLUB: HWalign=64, Order=0-3, MinObjects=0, CPUs=1, Nodes=1
[    0.000000] ftrace: allocating 39508 entries in 155 pages
[    0.004000] Hierarchical RCU implementation.
[    0.004000] 	RCU restricting CPUs from NR_CPUS=8192 to nr_cpu_ids=1.
[    0.004000] 	Tasks RCU enabled.
[    0.004000] RCU: Adjusting geometry for rcu_fanout_leaf=16, nr_cpu_ids=1
[    0.004000] NR_IRQS: 524544, nr_irqs: 256, preallocated irqs: 16
[    0.004000] random: crng init done
[    0.004000] Console: colour VGA+ 80x25
[    0.004000] console [tty1] enabled
[    0.004000] console [ttyS0] enabled
[    0.004000] ACPI: Core revision 20170831
[    0.004000] ACPI: 2 ACPI AML tables successfully acquired and loaded
[    0.004000] APIC: Switch to symmetric I/O mode setup
[    0.008000] ..TIMER: vector=0x30 apic1=0 pin1=2 apic2=-1 pin2=-1
[    0.008009] tsc: Detected 2370.572 MHz processor
[    0.012010] Calibrating delay loop (skipped) preset value.. 4741.14 BogoMIPS (lpj=9482288)
[    0.016011] pid_max: default: 32768 minimum: 301
[    0.020040] Security Framework initialized
[    0.024008] Yama: becoming mindful.
[    0.028039] AppArmor: AppArmor initialized
[    0.032077] Dentry cache hash table entries: 32768 (order: 6, 262144 bytes)
[    0.036036] Inode-cache hash table entries: 16384 (order: 5, 131072 bytes)
[    0.040032] Mount-cache hash table entries: 512 (order: 0, 4096 bytes)
[    0.044020] Mountpoint-cache hash table entries: 512 (order: 0, 4096 bytes)
[    0.049992] CPU0: Hyper-Threading is disabled
[    0.052108] Last level iTLB entries: 4KB 1024, 2MB 1024, 4MB 512
[    0.056008] Last level dTLB entries: 4KB 2048, 2MB 2048, 4MB 1024, 1GB 0
[    0.060010] Spectre V1 : Mitigation: usercopy/swapgs barriers and __user pointer sanitization
[    0.064011] Spectre V2 : Mitigation: Retpolines
[    0.068008] Spectre V2 : Spectre v2 / SpectreRSB mitigation: Filling RSB on context switch
[    0.072008] Spectre V2 : Spectre v2 / SpectreRSB : Filling RSB on VMEXIT
[    0.076008] RETBleed: Vulnerable
[    0.084187] Freeing SMP alternatives memory: 36K
[    0.200593] smpboot: CPU0: AMD Ryzen 5 4500U with Radeon Graphics (family: 0x17, model: 0x60, stepping: 0x1)
[    0.204109] Performance Events: PMU not available due to virtualization, using software events only.
[    0.208100] Hierarchical SRCU implementation.
[    0.212561] NMI watchdog: Perf event create on CPU 0 failed with -2
[    0.216010] NMI watchdog: Perf NMI watchdog permanently disabled
[    0.220079] smp: Bringing up secondary CPUs ...
[    0.228106] smp: Brought up 1 node, 1 CPU
[    0.232008] smpboot: Max logical packages: 1
[    0.236013] smpboot: Total of 1 processors activated (4741.14 BogoMIPS)
[    0.240292] devtmpfs: initialized
[    0.244085] x86/mm: Memory block size: 128MB
[    0.248152] evm: security.selinux
[    0.252015] evm: security.SMACK64
[    0.256012] evm: security.SMACK64EXEC
[    0.260010] evm: security.SMACK64TRANSMUTE
[    0.264010] evm: security.SMACK64MMAP
[    0.268009] evm: security.apparmor
[    0.272009] evm: security.ima
[    0.276010] evm: security.capability
[    0.280172] clocksource: jiffies: mask: 0xffffffff max_cycles: 0xffffffff, max_idle_ns: 7645041785100000 ns
[    0.284071] futex hash table entries: 256 (order: 2, 16384 bytes)
[    0.288076] pinctrl core: initialized pinctrl subsystem
[    0.293011] RTC time:  0:59:56, date: 08/05/24
[    0.296223] NET: Registered protocol family 16
[    0.300104] audit: initializing netlink subsys (disabled)
[    0.304179] cpuidle: using governor ladder
[    0.308020] audit: type=2000 audit(1722819602.358:1): state=initialized audit_enabled=0 res=1
[    0.312018] cpuidle: using governor menu
[    0.320961] ACPI: bus type PCI registered
[    0.324010] acpiphp: ACPI Hot Plug PCI Controller Driver version: 0.5
[    0.328489] PCI: Using configuration type 1 for base access
[    0.332009] PCI: Using configuration type 1 for extended access
[    0.341325] HugeTLB registered 2.00 MiB page size, pre-allocated 0 pages
[    0.344210] ACPI: Added _OSI(Module Device)
[    0.348013] ACPI: Added _OSI(Processor Device)
[    0.352010] ACPI: Added _OSI(3.0 _SCP Extensions)
[    0.356011] ACPI: Added _OSI(Processor Aggregator Device)
[    0.360046] ACPI: Added _OSI(Linux-Dell-Video)
[    0.364040] ACPI: Added _OSI(Linux-Lenovo-NV-HDMI-Audio)
[    0.368012] ACPI: Added _OSI(Linux-HPI-Hybrid-Graphics)
[    0.373345] ACPI: Executed 1 blocks of module-level executable AML code
[    0.381709] ACPI: Interpreter enabled
[    0.384036] ACPI: (supports S0 S5)
[    0.388009] ACPI: Using IOAPIC for interrupt routing
[    0.393091] PCI: Using host bridge windows from ACPI; if necessary, use "pci=nocrs" and report a bug
[    0.396335] ACPI: Enabled 2 GPEs in block 00 to 07
[    0.414175] ACPI: PCI Root Bridge [PCI0] (domain 0000 [bus 00-ff])
[    0.416022] acpi PNP0A03:00: _OSC: OS supports [ExtendedConfig ASPM ClockPM Segments MSI]
[    0.421837] acpi PNP0A03:00: _OSC: platform does not support [PCIeCapability]
[    0.424955] acpi PNP0A03:00: _OSC: not requesting control; platform does not support [PCIeCapability]
[    0.428013] acpi PNP0A03:00: _OSC: OS requested [PCIeHotplug PME AER PCIeCapability]
[    0.432011] acpi PNP0A03:00: _OSC: platform willing to grant [PCIeHotplug PME AER]
[    0.436011] acpi PNP0A03:00: _OSC failed (AE_SUPPORT); disabling ASPM
[    0.444158] PCI host bridge to bus 0000:00
[    0.448012] pci_bus 0000:00: root bus resource [io  0x0000-0x0cf7 window]
[    0.452015] pci_bus 0000:00: root bus resource [io  0x0d00-0xffff window]
[    0.456011] pci_bus 0000:00: root bus resource [mem 0x000a0000-0x000bffff window]
[    0.460113] pci_bus 0000:00: root bus resource [mem 0x10000000-0xfdffffff window]
[    0.464012] pci_bus 0000:00: root bus resource [bus 00-ff]
[    0.478152] pci 0000:00:01.1: legacy IDE quirk: reg 0x10: [io  0x01f0-0x01f7]
[    0.480011] pci 0000:00:01.1: legacy IDE quirk: reg 0x14: [io  0x03f6]
[    0.484012] pci 0000:00:01.1: legacy IDE quirk: reg 0x18: [io  0x0170-0x0177]
[    0.488011] pci 0000:00:01.1: legacy IDE quirk: reg 0x1c: [io  0x0376]
[    0.524621] pci 0000:00:07.0: quirk: [io  0x4000-0x403f] claimed by PIIX4 ACPI
[    0.528057] pci 0000:00:07.0: quirk: [io  0x4100-0x410f] claimed by PIIX4 SMB
[    0.548620] ACPI: PCI Interrupt Link [LNKA] (IRQs 5 9 10 *11)
[    0.556172] ACPI: PCI Interrupt Link [LNKB] (IRQs 5 9 *10 11)
[    0.560303] ACPI: PCI Interrupt Link [LNKC] (IRQs 5 *9 10 11)
[    0.564309] ACPI: PCI Interrupt Link [LNKD] (IRQs 5 9 10 *11)
[    0.568558] SCSI subsystem initialized
[    0.572226] pci 0000:00:02.0: vgaarb: setting as boot VGA device
[    0.576000] pci 0000:00:02.0: vgaarb: VGA device added: decodes=io+mem,owns=io+mem,locks=none
[    0.576013] pci 0000:00:02.0: vgaarb: bridge control possible
[    0.580009] vgaarb: loaded
[    0.584059] ACPI: bus type USB registered
[    0.588051] usbcore: registered new interface driver usbfs
[    0.592043] usbcore: registered new interface driver hub
[    0.596054] usbcore: registered new device driver usb
[    0.600125] EDAC MC: Ver: 3.0.0
[    0.605141] PCI: Using ACPI for IRQ routing
[    0.609302] NetLabel: Initializing
[    0.612010] NetLabel:  domain hash size = 128
[    0.616020] NetLabel:  protocols = UNLABELED CIPSOv4 CALIPSO
[    0.620060] NetLabel:  unlabeled traffic allowed by default
[    0.624274] clocksource: Switched to clocksource kvm-clock
[    0.691900] VFS: Disk quotas dquot_6.6.0
[    0.698726] VFS: Dquot-cache hash table entries: 512 (order 0, 4096 bytes)
[    0.709488] AppArmor: AppArmor Filesystem Enabled
[    0.716009] pnp: PnP ACPI init
[    0.723459] pnp: PnP ACPI: found 3 devices
[    0.737172] clocksource: acpi_pm: mask: 0xffffff max_cycles: 0xffffff, max_idle_ns: 2085701024 ns
[    0.750118] NET: Registered protocol family 2
[    0.755923] IP idents hash table entries: 4096 (order: 3, 32768 bytes)
[    0.764548] TCP established hash table entries: 2048 (order: 2, 16384 bytes)
[    0.774672] TCP bind hash table entries: 2048 (order: 3, 32768 bytes)
[    0.783691] TCP: Hash tables configured (established 2048 bind 2048)
[    0.792620] UDP hash table entries: 256 (order: 1, 8192 bytes)
[    0.799708] UDP-Lite hash table entries: 256 (order: 1, 8192 bytes)
[    0.807889] NET: Registered protocol family 1
[    0.813195] pci 0000:00:00.0: Limiting direct PCI/PCI transfers
[    0.820340] pci 0000:00:01.0: Activating ISA DMA hang workarounds
[    0.828679] pci 0000:00:02.0: Video device with shadowed ROM at [mem 0x000c0000-0x000dffff]
[    0.839407] Unpacking initramfs...
[    1.548397] Freeing initrd memory: 19528K
[    1.557737] clocksource: tsc: mask: 0xffffffffffffffff max_cycles: 0x222b9fef264, max_idle_ns: 440795260128 ns
[    1.570428] platform rtc_cmos: registered platform RTC device (no PNP device found)
[    1.580383] Scanning for low memory corruption every 60 seconds
[    1.589021] Initialise system trusted keyrings
[    1.594625] Key type blacklist registered
[    1.600134] workingset: timestamp_bits=36 max_order=16 bucket_order=0
[    1.612694] zbud: loaded
[    1.618036] squashfs: version 4.0 (2009/01/31) Phillip Lougher
[    1.625664] fuse init (API version 7.26)
[    1.634473] Key type asymmetric registered
[    1.640212] Asymmetric key parser 'x509' registered
[    1.646277] Block layer SCSI generic (bsg) driver version 0.4 loaded (major 246)
[    1.656948] io scheduler noop registered
[    1.662463] io scheduler deadline registered
[    1.668011] io scheduler cfq registered (default)
[    1.674209] ACPI: AC Adapter [AC] (on-line)
[    1.680536] input: Power Button as /devices/LNXSYSTM:00/LNXPWRBN:00/input/input0
[    1.689200] ACPI: Power Button [PWRF]
[    1.694830] input: Sleep Button as /devices/LNXSYSTM:00/LNXSLPBN:00/input/input1
[    1.705027] ACPI: Sleep Button [SLPF]
[    1.711325] ACPI: Battery Slot [BAT0] (battery present)
[    1.717809] Serial: 8250/16550 driver, 32 ports, IRQ sharing enabled
[    1.758146] 00:02: ttyS0 at I/O 0x3f8 (irq = 4, base_baud = 115200) is a 16550A
[    1.771527] Linux agpgart interface v0.103
[    1.780201] loop: module loaded
[    1.787571] scsi host0: ata_piix
[    1.792188] scsi host1: ata_piix
[    1.795538] ata1: PATA max UDMA/33 cmd 0x1f0 ctl 0x3f6 bmdma 0xd000 irq 14
[    1.802494] ata2: PATA max UDMA/33 cmd 0x170 ctl 0x376 bmdma 0xd008 irq 15
[    1.812828] tun: Universal TUN/TAP device driver, 1.6
[    1.818874] PPP generic driver version 2.4.2
[    1.823584] ehci_hcd: USB 2.0 'Enhanced' Host Controller (EHCI) Driver
[    1.830447] ehci-pci: EHCI PCI platform driver
[    1.836662] ehci-platform: EHCI generic platform driver
[    1.841634] ohci_hcd: USB 1.1 'Open' Host Controller (OHCI) Driver
[    1.848497] ohci-pci: OHCI PCI platform driver
[    1.853370] ohci-platform: OHCI generic platform driver
[    1.858774] uhci_hcd: USB Universal Host Controller Interface driver
[    1.865540] i8042: PNP: PS/2 Controller [PNP0303:PS2K,PNP0f03:PS2M] at 0x60,0x64 irq 1,12
[    1.878128] serio: i8042 KBD port at 0x60,0x64 irq 1
[    1.883515] serio: i8042 AUX port at 0x60,0x64 irq 12
[    1.889457] mousedev: PS/2 mouse device common for all mice
[    1.897816] input: AT Translated Set 2 keyboard as /devices/platform/i8042/serio0/input/input2
[    1.908871] rtc_cmos rtc_cmos: rtc core: registered rtc_cmos as rtc0
[    1.917240] rtc_cmos rtc_cmos: alarms up to one day, 114 bytes nvram
[    1.923999] i2c /dev entries driver
[    1.928136] device-mapper: uevent: version 1.0.3
[    1.933192] device-mapper: ioctl: 4.37.0-ioctl (2017-09-20) initialised: dm-devel@redhat.com
[    1.943346] ledtrig-cpu: registered to indicate activity on CPUs
[    1.952183] NET: Registered protocol family 10
[    1.962349] Segment Routing with IPv6
[    1.966346] NET: Registered protocol family 17
[    2.035668] Key type dns_resolver registered
[    2.040169] mce: Using 0 MCE banks
[    2.045087] RAS: Correctable Errors collector initialized.
[    2.050668] sched_clock: Marking stable (2050571473, 0)->(3225277938, -1174706465)
[    2.058575] registered taskstats version 1
[    2.062825] Loading compiled-in X.509 certificates
[    2.070092] Loaded X.509 cert 'Build time autogenerated kernel key: b5b26778eaa3ab3a4a6cee031137706e947d12ad'
[    2.081008] Loaded X.509 cert 'Canonical Ltd. Live Patch Signing: 14df34d1a87cf37625abec039ef2bf521249b969'
[    2.091614] Loaded X.509 cert 'Canonical Ltd. Kernel Module Signing: 88f752e560a1e0737e31163a466ad7b70a850c19'
[    2.102544] blacklist: Loading compiled-in revocation X.509 certificates
[    2.109955] Loaded X.509 cert 'Canonical Ltd. Secure Boot Signing: 61482aa2830d0ab2ad5af10b7250da9033ddcef0'
[    2.121013] Loaded X.509 cert 'Canonical Ltd. Secure Boot Signing (2017): 242ade75ac4a15e50d50c84b0d45ff3eae707a03'
[    2.132739] Loaded X.509 cert 'Canonical Ltd. Secure Boot Signing (ESM 2018): 365188c1d374d6b07c3c8f240f8ef722433d6a8b'
[    2.145106] Loaded X.509 cert 'Canonical Ltd. Secure Boot Signing (2019): c0746fd6c5da3ae827864651ad66ae47fe24b3e8'
[    2.156828] Loaded X.509 cert 'Canonical Ltd. Secure Boot Signing (2021 v1): a8d54bbb3825cfb94fa13c9f8a594a195c107b8d'
[    2.168895] Loaded X.509 cert 'Canonical Ltd. Secure Boot Signing (2021 v2): 4cf046892d6fd3c9a5b03f98d845f90851dc6a8c'
[    2.181242] Loaded X.509 cert 'Canonical Ltd. Secure Boot Signing (2021 v3): 100437bb6de6e469b581e61cd66bce3ef4ed53af'
[    2.194266] Loaded X.509 cert 'Canonical Ltd. Secure Boot Signing (Ubuntu Core 2019): c1d57b8f6b743f23ee41f4f7ee292f06eecadfb9'
[    2.208635] zswap: loaded using pool lzo/zbud
[    2.219189] Key type big_key registered
[    2.224764] Key type trusted registered
[    2.233627] Key type encrypted registered
[    2.239501] AppArmor: AppArmor sha1 policy hashing enabled
[    2.246243] ima: No TPM chip found, activating TPM-bypass! (rc=-19)
[    2.253954] ima: Allocated hash algorithm: sha1
[    2.260619] evm: HMAC attrs: 0x1
[    2.265831]   Magic number: 4:825:960
[    2.272430] rtc_cmos rtc_cmos: setting system clock to 2024-08-05 00:59:58 UTC (1722819598)
[    2.282643] BIOS EDD facility v0.16 2004-Jun-25, 0 devices found
[    2.290271] EDD information not available.
[    2.298595] Freeing unused kernel image memory: 2480K
[    2.312162] Write protecting the kernel read-only data: 20480k
[    2.319155] Freeing unused kernel image memory: 2008K
[    2.327612] Freeing unused kernel image memory: 1820K
[    2.339804] x86/mm: Checked W+X mappings: passed, no W+X pages found.
Loading, please wait...
starting version 237
[    2.461785] e1000: Intel(R) PRO/1000 Network Driver - version 7.3.21-k8-NAPI
[    2.469430] e1000: Copyright (c) 1999-2006 Intel Corporation.
[    2.480351] Fusion MPT base driver 3.04.20
[    2.485263] Copyright (c) 1999-2008 LSI Corporation
[    2.517508] SSE version of gcm_enc/dec engaged.
[    2.560989] Fusion MPT SPI Host driver 3.04.20
[    2.746672] input: ImExPS/2 Generic Explorer Mouse as /devices/platform/i8042/serio1/input/input4
[    3.373784] e1000 0000:00:03.0 eth0: (PCI:33MHz:32-bit) 02:3b:7b:b7:3b:2d
[    3.380972] e1000 0000:00:03.0 eth0: Intel(R) PRO/1000 Network Connection
[    3.389896] mptbase: ioc0: Initiating bringup
[    3.507583] ioc0: LSI53C1030 A0: Capabilities={Initiator}
[    3.767063] scsi host2: ioc0: LSI53C1030 A0, FwRev=00000000h, Ports=1, MaxQ=256, IRQ=20
[    3.946017] scsi 2:0:0:0: Direct-Access     VBOX     HARDDISK         1.0  PQ: 0 ANSI: 5
[    3.958234] scsi target2:0:0: Beginning Domain Validation
[    3.970016] scsi target2:0:0: Domain Validation skipping write tests
[    3.976897] scsi target2:0:0: Ending Domain Validation
[    3.983065] scsi target2:0:0: asynchronous
[    3.991146] scsi 2:0:1:0: Direct-Access     VBOX     HARDDISK         1.0  PQ: 0 ANSI: 5
[    4.008217] scsi target2:0:1: Beginning Domain Validation
[    4.073857] scsi target2:0:1: Domain Validation skipping write tests
[    4.081044] scsi target2:0:1: Ending Domain Validation
[    4.104329] scsi target2:0:1: asynchronous
[    4.241890] sd 2:0:0:0: [sda] 83886080 512-byte logical blocks: (42.9 GB/40.0 GiB)
[    4.249375] sd 2:0:0:0: Attached scsi generic sg0 type 0
[    4.263064] sd 2:0:0:0: [sda] Write Protect is off
[    4.269146] sd 2:0:1:0: Attached scsi generic sg1 type 0
[    4.275381] sd 2:0:1:0: [sdb] 20480 512-byte logical blocks: (10.5 MB/10.0 MiB)
[    4.291811] sd 2:0:0:0: [sda] Incomplete mode parameter data
[    4.297197] sd 2:0:0:0: [sda] Assuming drive cache: write through
[    4.304347] sd 2:0:1:0: [sdb] Write Protect is off
[    4.319883] sd 2:0:1:0: [sdb] Incomplete mode parameter data
[    4.325917] sd 2:0:1:0: [sdb] Assuming drive cache: write through
[    4.334933]  sda: sda1
[    4.349946] sd 2:0:0:0: [sda] Attached SCSI disk
[    4.414953] sd 2:0:1:0: [sdb] Attached SCSI disk
[    4.854904] e1000 0000:00:08.0 eth1: (PCI:33MHz:32-bit) 08:00:27:0d:10:51
[    4.863106] e1000 0000:00:08.0 eth1: Intel(R) PRO/1000 Network Connection
[    4.872900] e1000 0000:00:08.0 enp0s8: renamed from eth1
[    4.894542] e1000 0000:00:03.0 enp0s3: renamed from eth0
Begin: Loading essential drivers ... [    6.792104] raid6: sse2x1   gen()  6520 MB/s
[    6.853255] raid6: sse2x1   xor()  6588 MB/s
[    6.916082] raid6: sse2x2   gen() 16035 MB/s
[    6.968463] raid6: sse2x2   xor()  8365 MB/s
[    7.020086] raid6: sse2x4   gen() 13498 MB/s
[    7.072054] raid6: sse2x4   xor()  7590 MB/s
[    7.076648] raid6: using algorithm sse2x2 gen() 16035 MB/s
[    7.082969] raid6: .... xor() 8365 MB/s, rmw enabled
[    7.089424] raid6: using ssse3x2 recovery algorithm
[    7.096436] xor: measuring software checksum speed
[    7.208217]    prefetch64-sse: 40442.000 MB/sec
[    7.312700]    generic_sse: 35415.000 MB/sec
[    7.317332] xor: using function: prefetch64-sse (40442.000 MB/sec)
[    7.325496] async_tx: api initialized (async)
done.
Begin: Running /scripts/init-premount ... done.
Begin: Mounting root file system ... Begin: Running /scripts/local-top ... done.
Begin: Running /scripts/local-premount ... [    7.404089] Btrfs loaded, crc32c=crc32c-intel
Scanning for Btrfs filesystems
done.
Warning: fsck not present, so skipping root file system
[    7.487186] EXT4-fs (sda1): mounted filesystem with ordered data mode. Opts: (null)
done.
Begin: Running /scripts/local-bottom ... done.
Begin: Running /scripts/init-bottom ... done.
[    7.812401] ip_tables: (C) 2000-2006 Netfilter Core Team
[    7.843091] systemd[1]: systemd 237 running in system mode. (+PAM +AUDIT +SELINUX +IMA +APPARMOR +SMACK +SYSVINIT +UTMP +LIBCRYPTSETUP +GCRYPT +GNUTLS +ACL +XZ +LZ4 +SECCOMP +BLKID +ELFUTILS +KMOD -IDN2 +IDN -PCRE2 default-hierarchy=hybrid)
[    7.866918] systemd[1]: Detected virtualization oracle.
[    7.873459] systemd[1]: Detected architecture x86-64.

Welcome to [1mUbuntu 18.04.6 LTS[0m!

[    7.887477] systemd[1]: Set hostname to <server3>.
[    8.320646] systemd[1]: Created slice System Slice.
[[0;32m  OK  [0m] Created slice System Slice.
[    8.333818] systemd[1]: Listening on Network Service Netlink Socket.
[[0;32m  OK  [0m] Listening on Network Service Netlink Socket.
[    8.347152] systemd[1]: Listening on LVM2 poll daemon socket.
[[0;32m  OK  [0m] Listening on LVM2 poll daemon socket.
[    8.361260] systemd[1]: Listening on Journal Socket.
[[0;32m  OK  [0m] Listening on Journal Socket.
[    8.374248] systemd[1]: Mounting POSIX Message Queue File System...
         Mounting POSIX Message Queue File System...
[    8.390743] systemd[1]: Starting Create list of required static device nodes for the current kernel...
         Starting Create list of required st…ce nodes for the current kernel...
[[0;32m  OK  [0m] Created slice system-serial\x2dgetty.slice.
         Starting Uncomplicated firewall...
[[0;32m  OK  [0m] Reached target Swap.
[[0;32m  OK  [0m] Set up automount Arbitrary Executab…rmats File System Automount Point.
         Mounting Kernel Debug File System...
         Starting Set the console keyboard layout...
[[0;32m  OK  [0m] Listening on udev Control Socket.
[[0;32m  OK  [0m] Reached target System Time Synchronized.
[[0;32m  OK  [0m] Listening on udev Kernel Socket.
         Starting udev Coldplug all Devices...
[[0;32m  OK  [0m] Listening on LVM2 metadata daemon socket.
[[0;32m  OK  [0m] Created slice User and Session Slice.
[[0;32m  OK  [0m] Listening on /dev/initctl Compatibility Named Pipe.
[[0;32m  OK  [0m] Listening on Device-mapper event daemon FIFOs.
         Starting Monitoring of LVM2 mirrors…ng dmeventd or progress polling...
         Mounting Huge Pages File System...
[[0;32m  OK  [0m] Reached target Slices.
[[0;32m  OK  [0m] Listening on fsck to fsckd communication Socket.
         Starting File System Check on Root Device...
[[0;32m  OK  [0m] Listening on Syslog Socket.
[[0;32m  OK  [0m] Reached target Mounting snaps.
[[0;32m  OK  [0m] Reached target Mounted snaps.
[[0;32m  OK  [0m] Started Forward Password Requests to Wall Directory Watch.
         Starting Load Kernel Modules...
[[0;32m  OK  [0m] Reached target User and Group Name Lookups.
[[0;32m  OK  [0m] Listening on Journal Audit Socket.
[[0;32m  OK  [0m] Listening on Journal Socket (/dev/log).[    8.678566] Loading iSCSI transport class v2.0-870.

         Starting Journal Service...
[[0;32m  OK  [0m] Mounted POSIX Message Queue File System.
[[0;32m  OK  [0m] Started Create list of required sta…vice nodes for the current kernel.
[[0;32m  OK  [0m] Started Uncomplicated firewall.
[[0;32m  OK  [0m] Mounted Kernel Debug File System.
[[0;32m  OK  [0m] Started Set the console keyboard layout.[    8.759883] iscsi: registered transport (tcp)

[[0;32m  OK  [0m] Mounted Huge Pages File System.
[[0;32m  OK  [0m] Started LVM2 metadata daemon.
[[0;32m  OK  [0m] Started File System Check Daemon to report status.
         Starting Create Static Device Nodes in /dev...
[[0;32m  OK  [0m] Started Journal Service.
[[0;32m  OK  [0m] Started File System Check on Root Device.
         Starting Remount Root and Kernel File Systems...
[[0;32m  OK  [0m] Started udev Coldplug all Devices.
[[0;32m  OK  [0m] Started Create Static Device Nodes in /dev.
[[0;32m  OK  [0m] Started Monitoring of LVM2 mirrors,…sing dmeventd or progress polling.
[    8.937951] iscsi: registered transport (iser)
[[0;32m  OK  [0m] Started Load Kernel Modules.[    8.948887] EXT4-fs (sda1): re-mounted. Opts: (null)

         Starting Apply Kernel Variables...
         Mounting FUSE Control File System...
         Mounting Kernel Configuration File System...
[[0;32m  OK  [0m] Started Remount Root and Kernel File Systems.
[[0;32m  OK  [0m] Started Apply Kernel Variables.
[[0;32m  OK  [0m] Mounted FUSE Control File System.
[[0;32m  OK  [0m] Mounted Kernel Configuration File System.
         Starting udev Kernel Device Manager...
         Starting Flush Journal to Persistent Storage...
         Starting Load/Save Random Seed...
[[0;32m  OK  [0m] Reached target Local File Systems (Pre).
[[0;32m  OK  [0m] Reached target Local File Systems.
         Starting Tell Plymouth To Write Out Runtime Data...
         Starting AppArmor initialization...
         Starting Set console font and keymap...
         Starting ebtables ruleset management...
[[0;32m  OK  [0m] Started udev Kernel Device Manager.
[[0;32m  OK  [0m] Started Dispatch Password Requests to Console Directory Watch.
[[0;32m  OK  [0m] Reached target Local Encrypted Volumes.
[[0;32m  OK  [0m] Started Tell Plymouth To Write Out Runtime Data.
[[0;32m  OK  [0m] Started Set console font and keymap.
[[0;32m  OK  [0m] Started Load/Save Random Seed.
[[0;32m  OK  [0m] Started Flush Journal to Persistent Storage.
         Starting Create Volatile Files and Directories...
[[0;32m  OK  [0m] Started ebtables ruleset management.
[[0;32m  OK  [0m] Started Create Volatile Files and Directories.
         Starting Update UTMP about System Boot/Shutdown...
[[0;32m  OK  [0m] Started Update UTMP about System Boot/Shutdown.
[[0;32m  OK  [0m] Started AppArmor initialization.
         Starting Load AppArmor profiles managed internally by snapd...
         Starting Initial cloud-init job (pre-networking)...
[[0;32m  OK  [0m] Found device /dev/ttyS0.
         Mounting Arbitrary Executable File Formats File System...
[[0;32m  OK  [0m] Mounted Arbitrary Executable File Formats File System.
[[0;32m  OK  [0m] Started Load AppArmor profiles managed internally by snapd.
[[0;32m  OK  [0m] Listening on Load/Save RF Kill Switch Status /dev/rfkill Watch.
[   12.268421] cloud-init[540]: Cloud-init v. 23.1.2-0ubuntu0~18.04.1 running 'init-local' at Mon, 05 Aug 2024 01:00:08 +0000. Up 12.06 seconds.
[[0;32m  OK  [0m] Started Initial cloud-init job (pre-networking).
[[0;32m  OK  [0m] Reached target Network (Pre).
         Starting Network Service...
[[0;32m  OK  [0m] Started Network Service.
         Starting Wait for Network to be Configured...
         Starting Network Name Resolution...
[[0;32m  OK  [0m] Started Network Name Resolution.
[[0;32m  OK  [0m] Reached target Network.
[[0;32m  OK  [0m] Reached target Host and Network Name Lookups.
[[0;32m  OK  [0m] Started Wait for Network to be Configured.
         Starting Initial cloud-init job (metadata service crawler)...
[   15.225695] cloud-init[675]: Cloud-init v. 23.1.2-0ubuntu0~18.04.1 running 'init' at Mon, 05 Aug 2024 01:00:11 +0000. Up 15.06 seconds.
[   15.249366] cloud-init[675]: ci-info: ++++++++++++++++++++++++++++++++++++++Net device info+++++++++++++++++++++++++++++++++++++++
[   15.268368] cloud-init[675]: ci-info: +--------+------+-----------------------------+---------------+--------+-------------------+
[   15.283628] cloud-init[675]: ci-info: | Device |  Up  |           Address           |      Mask     | Scope  |     Hw-Address    |
[   15.302166] cloud-init[675]: ci-info: +--------+------+-----------------------------+---------------+--------+-------------------+
[   15.319056] cloud-init[675]: ci-info: | enp0s3 | True |          10.0.2.15          | 255.255.255.0 | global | 02:3b:7b:b7:3b:2d |
[   15.335657] cloud-init[675]: ci-info: | enp0s3 | True |  fe80::3b:7bff:feb7:3b2d/64 |       .       |  link  | 02:3b:7b:b7:3b:2d |
[   15.348631] cloud-init[675]: ci-info: | enp0s8 | True |         192.168.56.5        | 255.255.255.0 | global | 08:00:27:0d:10:51 |
[   15.358178] cloud-init[675]: ci-info: | enp0s8 | True | fe80::a00:27ff:fe0d:1051/64 |       .       |  link  | 08:00:27:0d:10:51 |
[   15.373314] cloud-init[675]: ci-info: |   lo   | True |          127.0.0.1          |   255.0.0.0   |  host  |         .         |
[   15.386359] cloud-init[675]: ci-info: |   lo   | True |           ::1/128           |       .       |  host  |         .         |
[   15.398785] cloud-init[675]: ci-info: +--------+------+-----------------------------+---------------+--------+-------------------+
[   15.408602] cloud-init[675]: ci-info: +++++++++++++++++++++++++++++Route IPv4 info+++++++++++++++++++++++++++++
[   15.417397] cloud-init[675]: ci-info: +-------+--------------+----------+-----------------+-----------+-------+
[   15.428533] cloud-init[675]: ci-info: | Route | Destination  | Gateway  |     Genmask     | Interface | Flags |
[   15.441467] cloud-init[675]: ci-info: +-------+--------------+----------+-----------------+-----------+-------+
[   15.472765] cloud-init[675]: ci-info: |   0   |   0.0.0.0    | 10.0.2.2 |     0.0.0.0     |   enp0s3  |   UG  |
[   15.493298] cloud-init[675]: ci-info: |   1   |   10.0.2.0   | 0.0.0.0  |  255.255.255.0  |   enp0s3  |   U   |
[   15.513555] cloud-init[675]: ci-info: |   2   |   10.0.2.2   | 0.0.0.0  | 255.255.255.255 |   enp0s3  |   UH  |
[   15.521772] cloud-init[675]: ci-info: |   3   | 192.168.56.0 | 0.0.0.0  |  255.255.255.0  |   enp0s8  |   U   |
[   15.535256] cloud-init[675]: ci-info: +-------+--------------+----------+-----------------+-----------+-------+
[   15.556238] cloud-init[675]: ci-info: +++++++++++++++++++Route IPv6 info+++++++++++++++++++
[   15.563118] cloud-init[675]: ci-info: +-------+-------------+---------+-----------+-------+
[   15.577270] cloud-init[675]: ci-info: | Route | Destination | Gateway | Interface | Flags |
[   15.590723] cloud-init[675]: ci-info: +-------+-------------+---------+-----------+-------+
[   15.606296] cloud-init[675]: ci-info: |   1   |  fe80::/64  |    ::   |   enp0s8  |   U   |[[0;32m  OK  [0m
[   15.617541] cloud-init] Started Initial cloud-init job (metadata service crawler).
[675]: ci-info: |   2   |  fe80::/64  |    ::   |   enp0s3  |   U   |[[0;32m  OK  [0m] Reached target Network is Online.
         
[   15.642808] Starting Availability of block devices...
[cloud-init[675]: [0;32m  OK  [0m] Reached target Remote File Systems (Pre).
ci-info: |   4   |    local    |    ::   |   enp0s3  |   U   |         Mounting /vagrant...
[[0;32m  OK  [0m] Reached target System Initialization.
[
[   15.685818] cloud-init[0;32m  OK  [0m] Listening on cloud-init hotplug hook socket.
[675]: [[0;32m  OK  [0m] Started Daily apt download activities.ci-info: |   5   |    local    |    ::   |   enp0s8  |   U   |
[[0;32m  OK  [0m] Listening on D-Bus System Message Bus Socket.
[   15.723090] cloud-init
[[0;32m  OK  [0m] [675]: ci-info: |   6   |   ff00::/8  |    ::   |   enp0s8  |   U   |Started Daily apt upgrade and clean activities.

[   15.737722] cloud-init[675]: [[0;32m  OK  [0m] Listening on ACPID Listen Socket.ci-info: |   7   |   ff00::/8  |    ::   |   enp0s3  |   U   |

[[0;32m  OK  [0m] [   15.752618] cloud-init[675]: ci-info: +-------+-------------+---------+-----------+-------+Listening on UUID daemon activation socket.
[[0;32m  OK  [0m] Started Message of the Day.

[[0;32m  OK  [0m] Listening on Open-iSCSI iscsid Socket.
[[0;32m  OK  [0m] Started Discard unused blocks once a week.
[[0;32m  OK  [0m] Started Daily Cleanup of Temporary Directories.
         Starting Socket activation for snappy daemon.
         Starting LXD - unix socket.
[[0;32m  OK  [0m] Started ACPI Events Check.
[[0;32m  OK  [0m] Reached target Paths.
[[0;32m  OK  [0m] Started Ubuntu Advantage Timer for running repeated jobs.
[[0;32m  OK  [0m] Reached target Timers.
[[0;32m  OK  [0m] Reached target Cloud-config availability.
[[0;32m  OK  [0m] Started Availability of block devices.
[[0;32m  OK  [0m] Mounted /vagrant.
[[0;32m  OK  [0m] Listening on Socket activation for snappy daemon.
[[0;32m  OK  [0m] Listening on LXD - unix socket.
[[0;32m  OK  [0m] Reached target Sockets.
[[0;32m  OK  [0m] Reached target Basic System.
         Starting Dispatcher daemon for systemd-networkd...
[[0;32m  OK  [0m] Started Regular background program processing daemon.
         Starting System Logging Service...
         Starting Virtualbox guest utils...
[[0;32m  OK  [0m] Reached target Login Prompts (Pre).
[[0;32m  OK  [0m] Started D-Bus System Message Bus.
[[0;32m  OK  [0m] Started FUSE filesystem for LXC.
         Starting LSB: Record successful boot for GRUB...
[[0;32m  OK  [0m] Started Deferred execution scheduler.
[[0;32m  OK  [0m] Started irqbalance daemon.
         Starting LXD - container startup/shutdown...
         Starting Accounts Service...
         Starting Login Service...
         Starting OpenBSD Secure Shell server...
         Starting Snap Daemon...
[[0;32m  OK  [0m] Reached target Remote File Systems.
         Starting LSB: automatic crash report generation...
         Starting Permit User Sessions...
[[0;32m  OK  [0m] Started System Logging Service.
[[0;32m  OK  [0m] Started Login Service.
[[0;32m  OK  [0m] Started OpenBSD Secure Shell server.
[[0;32m  OK  [0m] Started LXD - container startup/shutdown.
[[0;32m  OK  [0m] Started Permit User Sessions.
         Starting Terminate Plymouth Boot Screen...
         Starting Hold until boot process finishes up...
         Starting Authorization Manager...
[[0;32m  OK  [0m] Started Unattended Upgrades Shutdown.
[[0;32m  OK  [0m] Started Terminate Plymouth Boot Screen.
[[0;32m  OK  [0m] Started Hold until boot process finishes up.
         Starting Set console scheme...
[[0;32m  OK  [0m] Started Serial Getty on ttyS0.
[[0;32m  OK  [0m] Started Set console scheme.
[[0;32m  OK  [0m] Created slice system-getty.slice.
[[0;32m  OK  [0m] Started Getty on tty1.
[[0;32m  OK  [0m] Reached target Login Prompts.
[[0;32m  OK  [0m] Started LSB: Record successful boot for GRUB.
[[0;32m  OK  [0m] Started Authorization Manager.
[[0;32m  OK  [0m] Started Accounts Service.
[[0;32m  OK  [0m] Started Dispatcher daemon for systemd-networkd.
[[0;32m  OK  [0m] Started LSB: automatic crash report generation.
[[0;32m  OK  [0m] Started Virtualbox guest utils.
[[0;32m  OK  [0m] Created slice User Slice of vagrant.
         Starting User Manager for UID 1000...
[[0;32m  OK  [0m] Started Session 1 of user vagrant.
[[0;32m  OK  [0m] Started User Manager for UID 1000.
[[0;32m  OK  [0m] Started Snap Daemon.
         Starting Time & Date Service...
         Starting Wait until snapd is fully seeded...
[[0;32m  OK  [0m] Started Time & Date Service.
[[0;32m  OK  [0m] Started Wait until snapd is fully seeded.
         Starting Apply the settings specified in cloud-config...
[   20.536027] cloud-init[1073]: Cloud-init v. 23.1.2-0ubuntu0~18.04.1 running 'modules:config' at Mon, 05 Aug 2024 01:00:16 +0000. Up 20.34 seconds.
[[0;32m  OK  [0m] Started Apply the settings specified in cloud-config.
[[0;32m  OK  [0m] Reached target Multi-User System.
[[0;32m  OK  [0m] Reached target Graphical Interface.
         Starting Update UTMP about System Runlevel Changes...
         Starting Execute cloud user/final scripts...
[[0;32m  OK  [0m] Started Update UTMP about System Runlevel Changes.
[   21.960198] cloud-init[1170]: Cloud-init v. 23.1.2-0ubuntu0~18.04.1 running 'modules:final' at Mon, 05 Aug 2024 01:00:17 +0000. Up 21.67 seconds.
[   21.988957] cloud-init[1170]: Cloud-init v. 23.1.2-0ubuntu0~18.04.1 finished at Mon, 05 Aug 2024 01:00:18 +0000. Datasource DataSourceNoCloud [seed=/dev/sdb][dsmode=net].  Up 21.94 seconds

Ubuntu 18.04.6 LTS server3 ttyS0

server3 login: 